[2013-03-19 00:14:18] request.ERROR: Uncaught PHP Exception Symfony\Component\HttpKernel\Exception\NotFoundHttpException: "No route found for "GET /"" at C:\xampp\htdocs\my-symfony\vendor\symfony\symfony\src\Symfony\Component\HttpKernel\EventListener\RouterListener.php line 94 [] []
[2013-03-19 00:15:16] request.ERROR: Uncaught PHP Exception Symfony\Component\HttpKernel\Exception\NotFoundHttpException: "No route found for "GET /bundles/framework/images/input_bg.gif"" at C:\xampp\htdocs\my-symfony\vendor\symfony\symfony\src\Symfony\Component\HttpKernel\EventListener\RouterListener.php line 94 [] []
[2013-03-19 00:16:59] request.ERROR: Uncaught PHP Exception Symfony\Component\HttpKernel\Exception\NotFoundHttpException: "No route found for "GET /bundles/framework/images/input_bg.gif"" at C:\xampp\htdocs\my-symfony\app\cache\prod\classes.php line 3587 [] []
[2013-03-19 02:26:10] request.ERROR: Uncaught PHP Exception Symfony\Component\HttpKernel\Exception\NotFoundHttpException: "No route found for "GET /bundles/bloggerblog/css/blog.css"" at C:\xampp\htdocs\my-symfony\app\cache\prod\classes.php line 3587 [] []
[2013-03-19 02:26:16] request.ERROR: Uncaught PHP Exception Symfony\Component\HttpKernel\Exception\NotFoundHttpException: "No route found for "GET /bundles/bloggerblog/css/blog.css"" at C:\xampp\htdocs\my-symfony\app\cache\prod\classes.php line 3587 [] []
[2013-03-21 03:58:55] request.ERROR: Uncaught PHP Exception Symfony\Component\HttpKernel\Exception\NotFoundHttpException: "No route found for "GET /"" at C:\xampp\htdocs\my-symfony\app\cache\prod\classes.php line 3587 [] []
[2013-03-21 23:57:44] request.ERROR: Uncaught PHP Exception Symfony\Component\HttpKernel\Exception\NotFoundHttpException: "No route found for "GET /"" at C:\xampp\htdocs\my-symfony\app\cache\prod\classes.php line 3587 [] []
[2013-03-22 03:53:38] request.ERROR: Uncaught PHP Exception Symfony\Component\HttpKernel\Exception\NotFoundHttpException: "No route found for "GET /images/beach.jpg"" at C:\xampp\htdocs\my-symfony\app\cache\prod\classes.php line 3587 [] []
[2013-03-22 03:53:47] request.ERROR: Uncaught PHP Exception Symfony\Component\HttpKernel\Exception\NotFoundHttpException: "No route found for "GET /images/beach.jpg"" at C:\xampp\htdocs\my-symfony\app\cache\prod\classes.php line 3587 [] []
[2013-03-22 03:53:58] request.ERROR: Uncaught PHP Exception Symfony\Component\HttpKernel\Exception\NotFoundHttpException: "No route found for "GET /images/pool_leak.jpg"" at C:\xampp\htdocs\my-symfony\app\cache\prod\classes.php line 3587 [] []
[2013-03-22 03:54:58] request.ERROR: Uncaught PHP Exception Symfony\Component\HttpKernel\Exception\NotFoundHttpException: "No route found for "GET /images/beach.jpg"" at C:\xampp\htdocs\my-symfony\app\cache\prod\classes.php line 3587 [] []
[2013-03-22 04:04:19] request.ERROR: Uncaught PHP Exception Symfony\Component\HttpKernel\Exception\NotFoundHttpException: "No route found for "GET /images/pool_leak.jpg"" at C:\xampp\htdocs\my-symfony\app\cache\prod\classes.php line 3587 [] []
[2013-03-22 04:04:22] request.ERROR: Uncaught PHP Exception Symfony\Component\HttpKernel\Exception\NotFoundHttpException: "No route found for "GET /images/pool_leak.jpg"" at C:\xampp\htdocs\my-symfony\app\cache\prod\classes.php line 3587 [] []
[2013-03-22 04:05:05] request.ERROR: Uncaught PHP Exception Symfony\Component\HttpKernel\Exception\NotFoundHttpException: "No route found for "GET /images/misdirection.jpg"" at C:\xampp\htdocs\my-symfony\app\cache\prod\classes.php line 3587 [] []
[2013-03-22 04:05:08] request.ERROR: Uncaught PHP Exception Symfony\Component\HttpKernel\Exception\NotFoundHttpException: "No route found for "GET /images/misdirection.jpg"" at C:\xampp\htdocs\my-symfony\app\cache\prod\classes.php line 3587 [] []
[2013-03-22 04:05:40] request.ERROR: Uncaught PHP Exception Symfony\Component\HttpKernel\Exception\NotFoundHttpException: "No route found for "GET /images/misdirection.jpg"" at C:\xampp\htdocs\my-symfony\app\cache\prod\classes.php line 3587 [] []
[2013-03-25 00:50:33] request.ERROR: Uncaught PHP Exception Symfony\Component\HttpKernel\Exception\NotFoundHttpException: "No route found for "GET /images/one_or_zero.jpg"" at C:\xampp\htdocs\my-symfony\app\cache\prod\classes.php line 3587 [] []
[2013-03-25 00:51:03] request.ERROR: Uncaught PHP Exception Symfony\Component\HttpKernel\Exception\NotFoundHttpException: "No route found for "GET /images/the_grid.jpg"" at C:\xampp\htdocs\my-symfony\app\cache\prod\classes.php line 3587 [] []
[2013-03-25 00:51:03] request.ERROR: Uncaught PHP Exception Symfony\Component\HttpKernel\Exception\NotFoundHttpException: "No route found for "GET /images/one_or_zero.jpg"" at C:\xampp\htdocs\my-symfony\app\cache\prod\classes.php line 3587 [] []
[2013-03-25 00:56:31] request.ERROR: Uncaught PHP Exception Symfony\Component\HttpKernel\Exception\NotFoundHttpException: "No route found for "GET /images/the_grid.jpg"" at C:\xampp\htdocs\my-symfony\app\cache\prod\classes.php line 3587 [] []
[2013-03-25 00:56:31] request.ERROR: Uncaught PHP Exception Symfony\Component\HttpKernel\Exception\NotFoundHttpException: "No route found for "GET /images/one_or_zero.jpg"" at C:\xampp\htdocs\my-symfony\app\cache\prod\classes.php line 3587 [] []
[2013-03-25 00:56:41] request.ERROR: Uncaught PHP Exception Symfony\Component\HttpKernel\Exception\NotFoundHttpException: "No route found for "GET /images/the_grid.jpg"" at C:\xampp\htdocs\my-symfony\app\cache\prod\classes.php line 3587 [] []
[2013-03-25 00:56:41] request.ERROR: Uncaught PHP Exception Symfony\Component\HttpKernel\Exception\NotFoundHttpException: "No route found for "GET /images/one_or_zero.jpg"" at C:\xampp\htdocs\my-symfony\app\cache\prod\classes.php line 3587 [] []
[2013-03-25 04:42:21] request.ERROR: Uncaught PHP Exception Symfony\Component\HttpKernel\Exception\NotFoundHttpException: "No route found for "GET /images/the_grid.jpg"" at C:\xampp\htdocs\my-symfony\app\cache\prod\classes.php line 3587 [] []
[2013-03-25 04:42:21] request.ERROR: Uncaught PHP Exception Symfony\Component\HttpKernel\Exception\NotFoundHttpException: "No route found for "GET /images/one_or_zero.jpg"" at C:\xampp\htdocs\my-symfony\app\cache\prod\classes.php line 3587 [] []
[2013-03-25 05:09:02] request.ERROR: Uncaught PHP Exception Symfony\Component\HttpKernel\Exception\NotFoundHttpException: "No route found for "GET /images/the_grid.jpg"" at C:\xampp\htdocs\my-symfony\app\cache\prod\classes.php line 3587 [] []
[2013-03-25 05:09:02] request.ERROR: Uncaught PHP Exception Symfony\Component\HttpKernel\Exception\NotFoundHttpException: "No route found for "GET /images/one_or_zero.jpg"" at C:\xampp\htdocs\my-symfony\app\cache\prod\classes.php line 3587 [] []
[2013-03-25 05:24:48] request.ERROR: Uncaught PHP Exception Symfony\Component\HttpKernel\Exception\NotFoundHttpException: "No route found for "GET /images/the_grid.jpg"" at C:\xampp\htdocs\my-symfony\app\cache\prod\classes.php line 3587 [] []
[2013-03-25 05:24:48] request.ERROR: Uncaught PHP Exception Symfony\Component\HttpKernel\Exception\NotFoundHttpException: "No route found for "GET /images/one_or_zero.jpg"" at C:\xampp\htdocs\my-symfony\app\cache\prod\classes.php line 3587 [] []
